2025-07-24 11:15:21.887662 - User: Chinonso - Path: /api/conversations/2025-07-24 11:16:35.883905 - User: Chinonso - Path: /api/users/2025-07-24 11:21:24.266606 - User: Anonymous - Path: /api/token
2025-07-24 11:22:04.510370 - User: Anonymous - Path: /api
2025-07-24 11:22:04.521184 - User: Anonymous - Path: /api/
2025-07-24 11:40:10.522635 - User: Anonymous - Path: /api
2025-07-24 11:41:03.420685 - User: Anonymous - Path: /api/users
2025-07-24 11:41:26.847630 - User: Anonymous - Path: /api/users
2025-07-24 11:41:26.952567 - User: Anonymous - Path: /api/users/
2025-07-24 11:46:03.082873 - User: Anonymous - Path: /api/users
2025-07-24 11:50:09.394305 - User: Anonymous - Path: /api/users
2025-07-24 11:50:33.445137 - User: Anonymous - Path: /api/token
2025-07-24 11:50:50.981537 - User: Anonymous - Path: /api/token
2025-07-24 11:52:07.389985 - User: Anonymous - Path: /api/users
2025-07-24 11:52:07.438427 - User: Anonymous - Path: /api/users/
2025-07-24 11:57:40.599122 - User: Anonymous - Path: /api/users
2025-07-24 11:57:40.708744 - User: Anonymous - Path: /api/users/
2025-07-24 11:58:29.712631 - User: Anonymous - Path: /api/users
2025-07-24 11:58:29.818251 - User: Anonymous - Path: /api/users/
2025-07-24 11:59:46.022975 - User: Anonymous - Path: /api/users
2025-07-24 11:59:46.026826 - User: Anonymous - Path: /api/users/
2025-07-24 12:00:08.880195 - User: Anonymous - Path: /api/users
2025-07-24 12:00:08.884437 - User: Anonymous - Path: /api/users/
2025-07-24 12:01:56.402400 - User: Anonymous - Path: /api/users
2025-07-24 12:01:56.519076 - User: Anonymous - Path: /api/users/
2025-07-24 12:05:49.128360 - User: Anonymous - Path: /api/users
2025-07-24 12:05:49.185515 - User: aa.a@ex.com - Path: /api/users/
2025-07-24 12:06:08.579539 - User: Anonymous - Path: /api/users
2025-07-24 12:07:16.405020 - User: Anonymous - Path: /api/conversations
2025-07-24 12:07:16.473170 - User: aa.a@ex.com - Path: /api/conversations/
2025-07-24 12:09:59.887303 - User: Anonymous - Path: /api/conversations
2025-07-24 12:10:11.660352 - User: Anonymous - Path: /api/conversations
2025-07-24 12:12:01.011642 - User: Anonymous - Path: /api/conversations
2025-07-24 12:12:10.673276 - User: Anonymous - Path: /api/conversations
2025-07-24 12:13:46.262759 - User: Anonymous - Path: /api/conversations
2025-07-24 12:14:47.087223 - User: aa.a@ex.com - Path: /api/
2025-07-24 12:16:55.011877 - User: aa.a@ex.com - Path: /api/conversations/
2025-07-24 12:17:13.212665 - User: aa.a@ex.com - Path: /api/
2025-07-24 12:17:18.875777 - User: aa.a@ex.com - Path: /api/
